<?xml version="1.0" encoding="UTF-8"?>
<testng-results ignored="0" total="2" passed="2" failed="0" skipped="0">
  <reporter-output>
    <line>
      <![CDATA[Extent Report DirectoryC:\Users\micromedia\Desktop\FreeCrm\AirBnb\target\surefire-reports\html]]>
    </line>
  </reporter-output>
  <suite started-at="2021-03-29T08:35:47 EDT" name="AirBnb suite" finished-at="2021-03-29T08:36:08 EDT" duration-ms="21407">
    <groups>
    </groups>
    <test started-at="2021-03-29T08:35:47 EDT" name="air bnb test" finished-at="2021-03-29T08:36:08 EDT" duration-ms="21407">
      <class name="TestLayer.HomePageTest">
        <test-method is-config="true" signature="extentSetup(org.testng.ITestContext)[pri:0, instance:TestLayer.HomePageTest@3f91b517]" started-at="2021-03-29T08:35:46 EDT" name="extentSetup" finished-at="2021-03-29T08:35:47 EDT" duration-ms="283" status="PASS">
          <params>
            <param index="0">
              <value>
                <![CDATA[org.testng.TestRunner@71f1cc02]]>
              </value>
            </param>
          </params>
          <reporter-output>
            <line>
              <![CDATA[Extent Report DirectoryC:\Users\micromedia\Desktop\FreeCrm\AirBnb\target\surefire-reports\html]]>
            </line>
          </reporter-output>
        </test-method> <!-- extentSetup -->
        <test-method is-config="true" signature="setup(java.lang.String, boolean, java.lang.String, java.lang.String, java.lang.String, java.lang.String, java.lang.String, java.lang.String, java.lang.String)[pri:0, instance:TestLayer.HomePageTest@3f91b517]" started-at="2021-03-29T08:35:47 EDT" name="setup" finished-at="2021-03-29T08:35:55 EDT" duration-ms="8304" status="PASS">
          <params>
            <param index="0">
              <value>
                <![CDATA[http://localhost:8081]]>
              </value>
            </param>
            <param index="1">
              <value>
                <![CDATA[false]]>
              </value>
            </param>
            <param index="2">
              <value>
                <![CDATA[browserstack]]>
              </value>
            </param>
            <param index="3">
              <value>
                <![CDATA[chrome]]>
              </value>
            </param>
            <param index="4">
              <value>
                <![CDATA[88]]>
              </value>
            </param>
            <param index="5">
              <value>
                <![CDATA[windows]]>
              </value>
            </param>
            <param index="6">
              <value>
                <![CDATA[10]]>
              </value>
            </param>
            <param index="7">
              <value>
                <![CDATA[ganahamrioui1]]>
              </value>
            </param>
            <param index="8">
              <value>
                <![CDATA[PumTSx2dywjMsyXLZpmZ]]>
              </value>
            </param>
          </params>
          <reporter-output>
          </reporter-output>
        </test-method> <!-- setup -->
        <test-method is-config="true" signature="startExtent(java.lang.reflect.Method)[pri:0, instance:TestLayer.HomePageTest@3f91b517]" started-at="2021-03-29T08:35:55 EDT" name="startExtent" finished-at="2021-03-29T08:35:55 EDT" duration-ms="17" status="PASS">
          <params>
            <param index="0">
              <value>
                <![CDATA[public void TestLayer.HomePageTest.test() throws java.lang.InterruptedException,java.io.IOException]]>
              </value>
            </param>
          </params>
          <reporter-output>
          </reporter-output>
        </test-method> <!-- startExtent -->
        <test-method is-config="true" signature="init()[pri:0, instance:TestLayer.HomePageTest@3f91b517]" started-at="2021-03-29T08:35:55 EDT" name="init" finished-at="2021-03-29T08:35:55 EDT" duration-ms="46" status="PASS">
          <reporter-output>
          </reporter-output>
        </test-method> <!-- init -->
        <test-method signature="test()[pri:1, instance:TestLayer.HomePageTest@3f91b517]" started-at="2021-03-29T08:35:55 EDT" name="test" description="test allure report" finished-at="2021-03-29T08:36:03 EDT" duration-ms="7503" status="PASS">
          <reporter-output>
          </reporter-output>
        </test-method> <!-- test -->
        <test-method is-config="true" signature="afterEachTest(org.testng.ITestResult)[pri:0, instance:TestLayer.HomePageTest@3f91b517]" started-at="2021-03-29T08:36:03 EDT" name="afterEachTest" finished-at="2021-03-29T08:36:03 EDT" duration-ms="666" status="PASS">
          <params>
            <param index="0">
              <value>
                <![CDATA[[TestResult name=test status=SUCCESS method=HomePageTest.test()[pri:1, instance:TestLayer.HomePageTest@3f91b517] output={null}]]]>
              </value>
            </param>
          </params>
          <reporter-output>
          </reporter-output>
        </test-method> <!-- afterEachTest -->
        <test-method is-config="true" signature="setup(java.lang.String, boolean, java.lang.String, java.lang.String, java.lang.String, java.lang.String, java.lang.String, java.lang.String, java.lang.String)[pri:0, instance:TestLayer.HomePageTest@3f91b517]" started-at="2021-03-29T08:36:03 EDT" name="setup" finished-at="2021-03-29T08:36:08 EDT" duration-ms="4360" status="PASS">
          <params>
            <param index="0">
              <value>
                <![CDATA[http://localhost:8081]]>
              </value>
            </param>
            <param index="1">
              <value>
                <![CDATA[false]]>
              </value>
            </param>
            <param index="2">
              <value>
                <![CDATA[browserstack]]>
              </value>
            </param>
            <param index="3">
              <value>
                <![CDATA[chrome]]>
              </value>
            </param>
            <param index="4">
              <value>
                <![CDATA[88]]>
              </value>
            </param>
            <param index="5">
              <value>
                <![CDATA[windows]]>
              </value>
            </param>
            <param index="6">
              <value>
                <![CDATA[10]]>
              </value>
            </param>
            <param index="7">
              <value>
                <![CDATA[ganahamrioui1]]>
              </value>
            </param>
            <param index="8">
              <value>
                <![CDATA[PumTSx2dywjMsyXLZpmZ]]>
              </value>
            </param>
          </params>
          <reporter-output>
          </reporter-output>
        </test-method> <!-- setup -->
        <test-method is-config="true" signature="startExtent(java.lang.reflect.Method)[pri:0, instance:TestLayer.HomePageTest@3f91b517]" started-at="2021-03-29T08:36:08 EDT" name="startExtent" finished-at="2021-03-29T08:36:08 EDT" duration-ms="1" status="PASS">
          <params>
            <param index="0">
              <value>
                <![CDATA[public void TestLayer.HomePageTest.login()]]>
              </value>
            </param>
          </params>
          <reporter-output>
          </reporter-output>
        </test-method> <!-- startExtent -->
        <test-method is-config="true" signature="init()[pri:0, instance:TestLayer.HomePageTest@3f91b517]" started-at="2021-03-29T08:36:08 EDT" name="init" finished-at="2021-03-29T08:36:08 EDT" duration-ms="2" status="PASS">
          <reporter-output>
          </reporter-output>
        </test-method> <!-- init -->
        <test-method signature="login()[pri:2, instance:TestLayer.HomePageTest@3f91b517]" started-at="2021-03-29T08:36:08 EDT" name="login" description="test2" finished-at="2021-03-29T08:36:08 EDT" duration-ms="7" status="PASS">
          <reporter-output>
          </reporter-output>
        </test-method> <!-- login -->
        <test-method is-config="true" signature="afterEachTest(org.testng.ITestResult)[pri:0, instance:TestLayer.HomePageTest@3f91b517]" started-at="2021-03-29T08:36:08 EDT" name="afterEachTest" finished-at="2021-03-29T08:36:08 EDT" duration-ms="211" status="PASS">
          <params>
            <param index="0">
              <value>
                <![CDATA[[TestResult name=login status=SUCCESS method=HomePageTest.login()[pri:2, instance:TestLayer.HomePageTest@3f91b517] output={null}]]]>
              </value>
            </param>
          </params>
          <reporter-output>
          </reporter-output>
        </test-method> <!-- afterEachTest -->
        <test-method is-config="true" signature="generateReport()[pri:0, instance:TestLayer.HomePageTest@3f91b517]" started-at="2021-03-29T08:36:08 EDT" name="generateReport" finished-at="2021-03-29T08:36:08 EDT" duration-ms="151" status="PASS">
          <reporter-output>
          </reporter-output>
        </test-method> <!-- generateReport -->
      </class> <!-- TestLayer.HomePageTest -->
    </test> <!-- air bnb test -->
  </suite> <!-- AirBnb suite -->
</testng-results>
