<?xml version="1.0" encoding="UTF-8"?>
<testsuite xmlns:xsi="http://www.w3.org/2001/XMLSchema-instance" xsi:noNamespaceSchemaLocation="https://maven.apache.org/surefire/maven-surefire-plugin/xsd/surefire-test-report-3.0.xsd" version="3.0" name="TestSuite" time="23.838" tests="2" errors="0" skipped="0" failures="0">
  <properties>
[...]
</properties>
  <testcase name="test" classname="TestLayer.HomePageTest" time="7.436">
    <system-out><![CDATA[Extent Report DirectoryC:\Users\micromedia\Desktop\FreeCrm\AirBnb\target\surefire-reports\html
[DEBUG] Resolution chrome=89 in cache (valid until 09:19:36 29/03/2021 EDT)
[DEBUG] Resolution chrome89=89.0.4389.23 in cache (valid until 12:16:23 29/03/2021 EDT)
[INFO] Using chromedriver 89.0.4389.23 (resolved driver for Chrome 89)
[DEBUG] Driver chromedriver 89.0.4389.23 found in cache
[INFO] Exporting webdriver.chrome.driver as C:\Users\micromedia\.cache\selenium\chromedriver\win32\89.0.4389.23\chromedriver.exe







SB ADMIN 2  status code is :OK
Dashboard  status code is :OK
Components  status code is :OK
  status code is :OK
  status code is :OK
Utilities  status code is :OK
  status code is :OK
  status code is :OK
  status code is :OK
  status code is :OK
Pages  status code is :OK
  status code is :OK
  status code is :OK
  status code is :OK
  status code is :OK
  status code is :OK
Charts  status code is :OK
Tables  status code is :OK
Upgrade to Pro!  status code is :OK
  status code is :OK
3+  status code is :OK
  status code is :OK
  status code is :OK
  status code is :OK
  status code is :OK
7  status code is :OK
  status code is :OK
  status code is :OK
  status code is :OK
  status code is :OK
  status code is :OK
Douglas McGee  status code is :OK
  status code is :OK
  status code is :OK
  status code is :OK
  status code is :OK
Generate Report  status code is :OK
  status code is :OK
  status code is :OK
  status code is :OK
  status code is :OK
  status code is :OK
  status code is :OK
  status code is :OK
  status code is :OK
unDraw  status code is :OK
Browse Illustrations on unDraw →  status code is :OK
  status code is :OK
  status code is :OK
]]></system-out>
    <system-err><![CDATA[Starting ChromeDriver 89.0.4389.23 (61b08ee2c50024bab004e48d2b1b083cdbdac579-refs/branch-heads/4389@{#294}) on port 35399
Only local connections are allowed.
Please see https://chromedriver.chromium.org/security-considerations for suggestions on keeping ChromeDriver safe.
ChromeDriver was started successfully.
Mar 29, 2021 8:35:52 AM org.openqa.selenium.remote.ProtocolHandshake createSession
INFO: Detected dialect: W3C
]]></system-err>
  </testcase>
  <testcase name="login" classname="TestLayer.HomePageTest" time="0.002">
    <system-out><![CDATA[[DEBUG] Resolution chrome=89 in cache (valid until 09:19:36 29/03/2021 EDT)
[DEBUG] Resolution chrome89=89.0.4389.23 in cache (valid until 12:16:23 29/03/2021 EDT)
[INFO] Using chromedriver 89.0.4389.23 (resolved driver for Chrome 89)
[DEBUG] Driver chromedriver 89.0.4389.23 found in cache
[INFO] Exporting webdriver.chrome.driver as C:\Users\micromedia\.cache\selenium\chromedriver\win32\89.0.4389.23\chromedriver.exe
username password
]]></system-out>
    <system-err><![CDATA[Starting ChromeDriver 89.0.4389.23 (61b08ee2c50024bab004e48d2b1b083cdbdac579-refs/branch-heads/4389@{#294}) on port 42571
Only local connections are allowed.
Please see https://chromedriver.chromium.org/security-considerations for suggestions on keeping ChromeDriver safe.
ChromeDriver was started successfully.
Mar 29, 2021 8:36:06 AM org.openqa.selenium.remote.ProtocolHandshake createSession
INFO: Detected dialect: W3C
]]></system-err>
  </testcase>
</testsuite>